ERC report (2025-08-04T14:39:39+0200, Encoding UTF8)

***** Sheet /
[hier_label_mismatch]: Sheet pin ENBL_HO_G1 has no matching hierarchical label inside the sheet
    ; error
    @(163.83 mm, 64.77 mm): Hierarchical Sheet Pin ENBL_HO_G1
[pin_not_connected]: Pin not connected
    ; error
    @(163.83 mm, 64.77 mm): Hierarchical Sheet Pin ENBL_HO_G1

***** Sheet /esp32-s3/
[power_pin_not_driven]: Input Power pin not driven by any Output Power pins
    ; error
    @(39.37 mm, 39.37 mm): Symbol #PWR06 Pin 1 [Power input, Line]
[pin_not_connected]: Pin not connected
    ; error
    @(68.58 mm, 36.83 mm): Symbol U1 Pin 3 [CHIP_PU, Input, Line]
[pin_not_driven]: Input pin not driven by any Output pins
    ; error
    @(68.58 mm, 36.83 mm): Symbol U1 Pin 3 [CHIP_PU, Input, Line]
[power_pin_not_driven]: Input Power pin not driven by any Output Power pins
    ; error
    @(92.71 mm, 26.67 mm): Symbol #PWR01 Pin 1 [Power input, Line]
[power_pin_not_driven]: Input Power pin not driven by any Output Power pins
    ; error
    @(92.71 mm, 31.75 mm): Symbol U1 Pin 21 [5V, Power input, Line]
[pin_not_connected]: Pin not connected
    ; error
    @(119.38 mm, 36.83 mm): Symbol U1 Pin 43 [GPIO43/U0TXD, Bidirectional, Line]
[pin_not_connected]: Pin not connected
    ; error
    @(119.38 mm, 39.37 mm): Symbol U1 Pin 42 [GPIO44/U0RXD, Bidirectional, Line]
[pin_not_connected]: Pin not connected
    ; error
    @(119.38 mm, 44.45 mm): Symbol U1 Pin 26 [GPIO20/USB_D+, Bidirectional, Line]
[pin_not_connected]: Pin not connected
    ; error
    @(119.38 mm, 46.99 mm): Symbol U1 Pin 25 [GPIO19/USB_D-, Bidirectional, Line]
[pin_not_connected]: Pin not connected
    ; error
    @(119.38 mm, 54.61 mm): Symbol U1 Pin 31 [GPIO0, Bidirectional, Line]
[pin_not_connected]: Pin not connected
    ; error
    @(119.38 mm, 100.33 mm): Symbol U1 Pin 32 [GPIO35, Bidirectional, Line]
[pin_not_connected]: Pin not connected
    ; error
    @(119.38 mm, 102.87 mm): Symbol U1 Pin 33 [GPIO36, Bidirectional, Line]
[pin_not_connected]: Pin not connected
    ; error
    @(119.38 mm, 105.41 mm): Symbol U1 Pin 34 [GPIO37, Bidirectional, Line]
[pin_not_connected]: Pin not connected
    ; error
    @(119.38 mm, 107.95 mm): Symbol U1 Pin 35 [GPIO38, Bidirectional, Line]
[pin_not_connected]: Pin not connected
    ; error
    @(119.38 mm, 110.49 mm): Symbol U1 Pin 30 [GPIO45, Bidirectional, Line]
[pin_not_connected]: Pin not connected
    ; error
    @(119.38 mm, 113.03 mm): Symbol U1 Pin 14 [GPIO46, Bidirectional, Line]
[pin_not_connected]: Pin not connected
    ; error
    @(119.38 mm, 115.57 mm): Symbol U1 Pin 28 [GPIO47, Bidirectional, Line]
[pin_not_connected]: Pin not connected
    ; error
    @(119.38 mm, 118.11 mm): Symbol U1 Pin 29 [GPIO48, Bidirectional, Line]
[multiple_net_names]: Both +VDC and VIN_P are attached to the same items; +VDC will be used in the netlist
    ; warning
    @(232.41 mm, 60.96 mm): Symbol #PWR058 Hidden pin 1 [+VDC, Power input, Line]
    @(190.50 mm, 74.93 mm): Label 'VIN_P'
[power_pin_not_driven]: Input Power pin not driven by any Output Power pins
    ; error
    @(201.93 mm, 74.93 mm): Symbol U3 Pin 1 [VIN, Power input, Line]
[multiple_net_names]: Both 5VUP and FB are attached to the same items; 5VUP will be used in the netlist
    ; warning
    @(246.38 mm, 74.93 mm): Label '5VUP'
    @(229.87 mm, 90.17 mm): Label 'FB'
[power_pin_not_driven]: Input Power pin not driven by any Output Power pins
    ; error
    @(248.92 mm, 60.96 mm): Symbol #PWR057 Pin 1 [Power input, Line]

***** Sheet /InputOutput/
[power_pin_not_driven]: Input Power pin not driven by any Output Power pins
    ; error
    @(50.80 mm, 50.80 mm): Symbol #PWR016 Pin 1 [Power input, Line]
[power_pin_not_driven]: Input Power pin not driven by any Output Power pins
    ; error
    @(199.39 mm, 78.74 mm): Symbol #PWR021 Pin 1 [Power input, Line]
[power_pin_not_driven]: Input Power pin not driven by any Output Power pins
    ; error
    @(209.55 mm, 115.57 mm): Symbol #PWR02 Pin 1 [Power input, Line]

 ** ERC messages: 27  Errors 25  Warnings 2
